{"timestamp":"2025-05-31T11:55:20.943Z","type":"voice_channel","level":"INFO","message":"User joined voice channel","data":{"userId":"296234175953108993","username":"silver15987","channelId":"1367484542553686106","channelName":"🎯 Focus Session 1","action":"join"}}
{"timestamp":"2025-05-31T11:57:53.875Z","type":"system","level":"INFO","message":"User left VC with no active task","data":{"userId":"296234175953108993","username":"silver15987"}}
{"timestamp":"2025-05-31T11:58:50.394Z","type":"voice_channel","level":"INFO","message":"User joined voice channel","data":{"userId":"296234175953108993","username":"silver15987","channelId":"1367484542553686106","channelName":"🎯 Focus Session 1","action":"join"}}
{"timestamp":"2025-05-31T12:04:01.937Z","type":"system","level":"INFO","message":"User left VC with no active task","data":{"userId":"296234175953108993","username":"silver15987"}}
{"timestamp":"2025-05-31T12:11:59.936Z","type":"voice_channel","level":"INFO","message":"User joined voice channel","data":{"userId":"296234175953108993","username":"silver15987","channelId":"1367484685428461568","channelName":"🎯 Focus Session 2","action":"join"}}
{"timestamp":"2025-05-31T12:21:27.559Z","type":"system","level":"INFO","message":"User left VC with no active task","data":{"userId":"296234175953108993","username":"silver15987"}}
{"timestamp":"2025-05-31T12:21:32.600Z","type":"voice_channel","level":"INFO","message":"User joined voice channel","data":{"userId":"296234175953108993","username":"silver15987","channelId":"1367484542553686106","channelName":"🎯 Focus Session 1","action":"join"}}
{"timestamp":"2025-05-31T12:25:33.353Z","type":"system","level":"INFO","message":"User left VC with no active task","data":{"userId":"296234175953108993","username":"silver15987"}}
{"timestamp":"2025-05-31T12:25:43.240Z","type":"voice_channel","level":"INFO","message":"User joined voice channel","data":{"userId":"296234175953108993","username":"silver15987","channelId":"1367484542553686106","channelName":"🎯 Focus Session 1","action":"join"}}
{"timestamp":"2025-05-31T12:27:28.771Z","type":"system","level":"INFO","message":"User left VC with no active task","data":{"userId":"296234175953108993","username":"silver15987"}}
{"timestamp":"2025-05-31T12:27:29.329Z","type":"voice_channel","level":"INFO","message":"User joined voice channel","data":{"userId":"296234175953108993","username":"silver15987","channelId":"1367484542553686106","channelName":"🎯 Focus Session 1","action":"join"}}
{"timestamp":"2025-05-31T12:28:52.221Z","type":"system","level":"INFO","message":"User left VC with no active task","data":{"userId":"296234175953108993","username":"silver15987"}}
{"timestamp":"2025-05-31T12:28:56.114Z","type":"voice_channel","level":"INFO","message":"User joined voice channel","data":{"userId":"296234175953108993","username":"silver15987","channelId":"1367484542553686106","channelName":"🎯 Focus Session 1","action":"join"}}
{"timestamp":"2025-05-31T12:30:02.536Z","type":"system","level":"INFO","message":"User left VC with no active task","data":{"userId":"296234175953108993","username":"silver15987"}}
{"timestamp":"2025-05-31T12:30:06.357Z","type":"voice_channel","level":"INFO","message":"User joined voice channel","data":{"userId":"296234175953108993","username":"silver15987","channelId":"1367484542553686106","channelName":"🎯 Focus Session 1","action":"join"}}
{"timestamp":"2025-05-31T12:30:47.480Z","type":"system","level":"INFO","message":"User left VC with no active task","data":{"userId":"296234175953108993","username":"silver15987"}}
{"timestamp":"2025-05-31T12:31:08.099Z","type":"voice_channel","level":"INFO","message":"User joined voice channel","data":{"userId":"296234175953108993","username":"silver15987","channelId":"1367484542553686106","channelName":"🎯 Focus Session 1","action":"join"}}
{"timestamp":"2025-05-31T12:32:49.859Z","type":"system","level":"INFO","message":"User left VC with no active task","data":{"userId":"296234175953108993","username":"silver15987"}}
{"timestamp":"2025-05-31T12:32:54.368Z","type":"voice_channel","level":"INFO","message":"User joined voice channel","data":{"userId":"296234175953108993","username":"silver15987","channelId":"1367484542553686106","channelName":"🎯 Focus Session 1","action":"join"}}
{"timestamp":"2025-05-31T12:36:03.204Z","type":"system","level":"INFO","message":"User left VC with no active task","data":{"userId":"296234175953108993","username":"silver15987"}}
{"timestamp":"2025-05-31T12:36:05.885Z","type":"voice_channel","level":"INFO","message":"User joined voice channel","data":{"userId":"296234175953108993","username":"silver15987","channelId":"1367484542553686106","channelName":"🎯 Focus Session 1","action":"join"}}
{"timestamp":"2025-05-31T12:39:09.207Z","type":"system","level":"INFO","message":"User left VC with no active task","data":{"userId":"296234175953108993","username":"silver15987"}}
{"timestamp":"2025-05-31T12:39:25.832Z","type":"voice_channel","level":"INFO","message":"User joined voice channel","data":{"userId":"296234175953108993","username":"silver15987","channelId":"1367484542553686106","channelName":"🎯 Focus Session 1","action":"join"}}
{"timestamp":"2025-05-31T13:11:36.360Z","type":"system","level":"INFO","message":"User left VC with no active task","data":{"userId":"296234175953108993","username":"silver15987"}}
{"timestamp":"2025-05-31T13:25:00.896Z","type":"voice_channel","level":"INFO","message":"User joined voice channel","data":{"userId":"296234175953108993","username":"silver15987","channelId":"1367484542553686106","channelName":"🎯 Focus Session 1","action":"join"}}
{"timestamp":"2025-05-31T13:35:47.857Z","type":"system","level":"INFO","message":"User left VC with no active task","data":{"userId":"296234175953108993","username":"silver15987"}}
{"timestamp":"2025-05-31T13:40:05.459Z","type":"voice_channel","level":"INFO","message":"User joined voice channel","data":{"userId":"296234175953108993","username":"silver15987","channelId":"1367484542553686106","channelName":"🎯 Focus Session 1","action":"join"}}
{"timestamp":"2025-05-31T13:43:41.351Z","type":"system","level":"INFO","message":"User left VC with no active task","data":{"userId":"296234175953108993","username":"silver15987"}}
{"timestamp":"2025-05-31T13:47:54.577Z","type":"voice_channel","level":"INFO","message":"User joined voice channel","data":{"userId":"296234175953108993","username":"silver15987","channelId":"1367484542553686106","channelName":"🎯 Focus Session 1","action":"join"}}
{"timestamp":"2025-05-31T13:49:16.239Z","type":"system","level":"INFO","message":"User left VC with no active task","data":{"userId":"296234175953108993","username":"silver15987"}}
{"timestamp":"2025-05-31T13:51:29.096Z","type":"voice_channel","level":"INFO","message":"User joined voice channel","data":{"userId":"296234175953108993","username":"silver15987","channelId":"1367484542553686106","channelName":"🎯 Focus Session 1","action":"join"}}
{"timestamp":"2025-05-31T13:52:51.985Z","type":"system","level":"INFO","message":"User left VC with no active task","data":{"userId":"296234175953108993","username":"silver15987"}}
{"timestamp":"2025-05-31T13:56:37.484Z","type":"voice_channel","level":"INFO","message":"User joined voice channel","data":{"userId":"296234175953108993","username":"silver15987","channelId":"1367484542553686106","channelName":"🎯 Focus Session 1","action":"join"}}
{"timestamp":"2025-05-31T14:00:03.401Z","type":"system","level":"INFO","message":"User left VC with no active task","data":{"userId":"296234175953108993","username":"silver15987"}}
{"timestamp":"2025-05-31T14:01:27.206Z","type":"voice_channel","level":"INFO","message":"User joined voice channel","data":{"userId":"296234175953108993","username":"silver15987","channelId":"1367484542553686106","channelName":"🎯 Focus Session 1","action":"join"}}
{"timestamp":"2025-05-31T14:04:46.449Z","type":"voice_channel","level":"INFO","message":"User left voice channel","data":{"userId":"296234175953108993","username":"silver15987","channelId":"1367484542553686106","channelName":"🎯 Focus Session 1","duration":3,"action":"leave"}}
{"timestamp":"2025-05-31T14:04:49.538Z","type":"stats","level":"INFO","message":"User stats updated","data":{"userId":"296234175953108993","username":"silver15987","stats":{"minutes":3,"eventLinked":false,"teamRole":"First Mates of Featureland (1363592018865160274)"},"action":"update"}}
{"timestamp":"2025-05-31T14:07:18.015Z","type":"voice_channel","level":"INFO","message":"User joined voice channel","data":{"userId":"296234175953108993","username":"silver15987","channelId":"1367484542553686106","channelName":"🎯 Focus Session 1","action":"join"}}
{"timestamp":"2025-05-31T14:13:32.893Z","type":"system","level":"INFO","message":"User left VC with no active task","data":{"userId":"296234175953108993","username":"silver15987"}}
{"timestamp":"2025-05-31T14:14:47.086Z","type":"voice_channel","level":"INFO","message":"User joined voice channel","data":{"userId":"1310145590306537521","username":"newi_2015","channelId":"1367484542553686106","channelName":"🎯 Focus Session 1","action":"join"}}
{"timestamp":"2025-05-31T14:17:23.226Z","type":"voice_channel","level":"INFO","message":"User left voice channel","data":{"userId":"1310145590306537521","username":"newi_2015","channelId":"1367484542553686106","channelName":"🎯 Focus Session 1","duration":2,"action":"leave"}}
{"timestamp":"2025-05-31T14:17:26.144Z","type":"stats","level":"INFO","message":"User stats updated","data":{"userId":"1310145590306537521","username":"newi_2015","stats":{"minutes":2,"eventLinked":true,"teamRole":"Deckhands of Debug (1376253084019196056)"},"action":"update"}}
{"timestamp":"2025-05-31T14:29:08.738Z","type":"voice_channel","level":"INFO","message":"User joined voice channel","data":{"userId":"1310145590306537521","username":"newi_2015","channelId":"1367484685428461568","channelName":"🎯 Focus Session 2","action":"join"}}
{"timestamp":"2025-05-31T14:34:04.417Z","type":"voice_channel","level":"INFO","message":"User joined voice channel","data":{"userId":"710750562693677056","username":"kasusenpai","channelId":"1367484542553686106","channelName":"🎯 Focus Session 1","action":"join"}}
{"timestamp":"2025-05-31T15:27:46.812Z","type":"voice_channel","level":"INFO","message":"User joined voice channel","data":{"userId":"710750562693677056","username":"kasusenpai","channelId":"1367484542553686106","channelName":"🎯 Focus Session 1","action":"join"}}
{"timestamp":"2025-05-31T15:35:56.222Z","type":"voice_channel","level":"INFO","message":"User joined voice channel","data":{"userId":"296234175953108993","username":"silver15987","channelId":"1367484542553686106","channelName":"🎯 Focus Session 1","action":"join"}}
{"timestamp":"2025-05-31T15:40:44.957Z","type":"system","level":"INFO","message":"User left VC with no active task","data":{"userId":"296234175953108993","username":"silver15987"}}
{"timestamp":"2025-05-31T15:50:44.447Z","type":"voice_channel","level":"INFO","message":"User joined voice channel","data":{"userId":"571079150635319300","username":"justanotherone8755","channelId":"1367484542553686106","channelName":"🎯 Focus Session 1","action":"join"}}
{"timestamp":"2025-05-31T15:53:55.887Z","type":"voice_channel","level":"INFO","message":"User joined voice channel","data":{"userId":"296234175953108993","username":"silver15987","channelId":"1367484542553686106","channelName":"🎯 Focus Session 1","action":"join"}}
{"timestamp":"2025-05-31T15:57:27.792Z","type":"voice_channel","level":"INFO","message":"User joined voice channel","data":{"userId":"571079150635319300","username":"justanotherone8755","channelId":"1367484728424534179","channelName":"🎯 Focus Session 3","action":"join"}}
{"timestamp":"2025-05-31T15:57:47.869Z","type":"system","level":"INFO","message":"User left VC with no active task","data":{"userId":"571079150635319300","username":"justanotherone8755"}}
{"timestamp":"2025-05-31T16:09:50.753Z","type":"voice_channel","level":"INFO","message":"User left voice channel","data":{"userId":"296234175953108993","username":"silver15987","channelId":"1367484728424534179","channelName":"🎯 Focus Session 3","duration":0,"action":"leave"}}
{"timestamp":"2025-05-31T16:09:53.454Z","type":"stats","level":"INFO","message":"User stats updated","data":{"userId":"296234175953108993","username":"silver15987","stats":{"minutes":0,"eventLinked":false,"teamRole":"none"},"action":"update"}}
{"timestamp":"2025-05-31T16:10:20.947Z","type":"system","level":"INFO","message":"User left VC with no active task","data":{"userId":"296234175953108993","username":"silver15987"}}
{"timestamp":"2025-05-31T16:10:35.619Z","type":"system","level":"INFO","message":"User left VC with no active task","data":{"userId":"296234175953108993","username":"silver15987"}}
